Analysis & Synthesis report for fb_top_v2
Sun Jul 19 15:47:45 2026
Quartus Prime Version 24.1std.0 Build 1077 03/04/2025 SC Lite Edition


---------------------
; Table of Contents ;
---------------------
  1. Legal Notice
  2. Analysis & Synthesis Summary
  3. Analysis & Synthesis Settings
  4. Parallel Compilation
  5. Analysis & Synthesis Messages



----------------
; Legal Notice ;
----------------
Copyright (C) 2025  Altera Corporation. All rights reserved.
Your use of Altera Corporation's design tools, logic functions 
and other software and tools, and any partner logic 
functions, and any output files from any of the foregoing 
(including device programming or simulation files), and any 
associated documentation or information are expressly subject 
to the terms and conditions of the Altera Program License 
Subscription Agreement, the Altera Quartus Prime License Agreement,
the Altera IP License Agreement, or other applicable license
agreement, including, without limitation, that your use is for
the sole purpose of programming logic devices manufactured by
Altera and sold by Altera or its authorized distributors.  Please
refer to the Altera Software License Subscription Agreements 
on the Quartus Prime software download page.



+--------------------------------------------------------------------------------------+
; Analysis & Synthesis Summary                                                         ;
+------------------------------------+-------------------------------------------------+
; Analysis & Synthesis Status        ; Failed - Sun Jul 19 15:47:45 2026               ;
; Quartus Prime Version              ; 24.1std.0 Build 1077 03/04/2025 SC Lite Edition ;
; Revision Name                      ; fb_top_v2                                       ;
; Top-level Entity Name              ; fb_top_v2                                       ;
; Family                             ; Cyclone IV E                                    ;
; Total logic elements               ; N/A until Partition Merge                       ;
;     Total combinational functions  ; N/A until Partition Merge                       ;
;     Dedicated logic registers      ; N/A until Partition Merge                       ;
; Total registers                    ; N/A until Partition Merge                       ;
; Total pins                         ; N/A until Partition Merge                       ;
; Total virtual pins                 ; N/A until Partition Merge                       ;
; Total memory bits                  ; N/A until Partition Merge                       ;
; Embedded Multiplier 9-bit elements ; N/A until Partition Merge                       ;
; Total PLLs                         ; N/A until Partition Merge                       ;
+------------------------------------+-------------------------------------------------+


+------------------------------------------------------------------------------------------------------------+
; Analysis & Synthesis Settings                                                                              ;
+------------------------------------------------------------------+--------------------+--------------------+
; Option                                                           ; Setting            ; Default Value      ;
+------------------------------------------------------------------+--------------------+--------------------+
; Device                                                           ; EP4CE10F17C8       ;                    ;
; Top-level entity name                                            ; fb_top_v2          ; fb_top_v2          ;
; Family name                                                      ; Cyclone IV E       ; Cyclone V          ;
; Use smart compilation                                            ; Off                ; Off                ;
; Enable parallel Assembler and Timing Analyzer during compilation ; On                 ; On                 ;
; Enable compact report table                                      ; Off                ; Off                ;
; Restructure Multiplexers                                         ; Auto               ; Auto               ;
; Create Debugging Nodes for IP Cores                              ; Off                ; Off                ;
; Preserve fewer node names                                        ; On                 ; On                 ;
; Intel FPGA IP Evaluation Mode                                    ; Enable             ; Enable             ;
; Verilog Version                                                  ; Verilog_2001       ; Verilog_2001       ;
; VHDL Version                                                     ; VHDL_1993          ; VHDL_1993          ;
; State Machine Processing                                         ; Auto               ; Auto               ;
; Safe State Machine                                               ; Off                ; Off                ;
; Extract Verilog State Machines                                   ; On                 ; On                 ;
; Extract VHDL State Machines                                      ; On                 ; On                 ;
; Ignore Verilog initial constructs                                ; Off                ; Off                ;
; Iteration limit for constant Verilog loops                       ; 5000               ; 5000               ;
; Iteration limit for non-constant Verilog loops                   ; 250                ; 250                ;
; Add Pass-Through Logic to Inferred RAMs                          ; On                 ; On                 ;
; Infer RAMs from Raw Logic                                        ; On                 ; On                 ;
; Parallel Synthesis                                               ; On                 ; On                 ;
; DSP Block Balancing                                              ; Auto               ; Auto               ;
; NOT Gate Push-Back                                               ; On                 ; On                 ;
; Power-Up Don't Care                                              ; On                 ; On                 ;
; Remove Redundant Logic Cells                                     ; Off                ; Off                ;
; Remove Duplicate Registers                                       ; On                 ; On                 ;
; Ignore CARRY Buffers                                             ; Off                ; Off                ;
; Ignore CASCADE Buffers                                           ; Off                ; Off                ;
; Ignore GLOBAL Buffers                                            ; Off                ; Off                ;
; Ignore ROW GLOBAL Buffers                                        ; Off                ; Off                ;
; Ignore LCELL Buffers                                             ; Off                ; Off                ;
; Ignore SOFT Buffers                                              ; On                 ; On                 ;
; Limit AHDL Integers to 32 Bits                                   ; Off                ; Off                ;
; Optimization Technique                                           ; Balanced           ; Balanced           ;
; Carry Chain Length                                               ; 70                 ; 70                 ;
; Auto Carry Chains                                                ; On                 ; On                 ;
; Auto Open-Drain Pins                                             ; On                 ; On                 ;
; Perform WYSIWYG Primitive Resynthesis                            ; Off                ; Off                ;
; Auto ROM Replacement                                             ; On                 ; On                 ;
; Auto RAM Replacement                                             ; On                 ; On                 ;
; Auto DSP Block Replacement                                       ; On                 ; On                 ;
; Auto Shift Register Replacement                                  ; Auto               ; Auto               ;
; Allow Shift Register Merging across Hierarchies                  ; Auto               ; Auto               ;
; Auto Clock Enable Replacement                                    ; On                 ; On                 ;
; Strict RAM Replacement                                           ; Off                ; Off                ;
; Allow Synchronous Control Signals                                ; On                 ; On                 ;
; Force Use of Synchronous Clear Signals                           ; Off                ; Off                ;
; Auto RAM Block Balancing                                         ; On                 ; On                 ;
; Auto RAM to Logic Cell Conversion                                ; Off                ; Off                ;
; Auto Resource Sharing                                            ; Off                ; Off                ;
; Allow Any RAM Size For Recognition                               ; Off                ; Off                ;
; Allow Any ROM Size For Recognition                               ; Off                ; Off                ;
; Allow Any Shift Register Size For Recognition                    ; Off                ; Off                ;
; Use LogicLock Constraints during Resource Balancing              ; On                 ; On                 ;
; Ignore translate_off and synthesis_off directives                ; Off                ; Off                ;
; Timing-Driven Synthesis                                          ; On                 ; On                 ;
; Report Parameter Settings                                        ; On                 ; On                 ;
; Report Source Assignments                                        ; On                 ; On                 ;
; Report Connectivity Checks                                       ; On                 ; On                 ;
; Ignore Maximum Fan-Out Assignments                               ; Off                ; Off                ;
; Synchronization Register Chain Length                            ; 2                  ; 2                  ;
; Power Optimization During Synthesis                              ; Normal compilation ; Normal compilation ;
; HDL message level                                                ; Level2             ; Level2             ;
; Suppress Register Optimization Related Messages                  ; Off                ; Off                ;
; Number of Removed Registers Reported in Synthesis Report         ; 5000               ; 5000               ;
; Number of Swept Nodes Reported in Synthesis Report               ; 5000               ; 5000               ;
; Number of Inverted Registers Reported in Synthesis Report        ; 100                ; 100                ;
; Clock MUX Protection                                             ; On                 ; On                 ;
; Auto Gated Clock Conversion                                      ; Off                ; Off                ;
; Block Design Naming                                              ; Auto               ; Auto               ;
; SDC constraint protection                                        ; Off                ; Off                ;
; Synthesis Effort                                                 ; Auto               ; Auto               ;
; Shift Register Replacement - Allow Asynchronous Clear Signal     ; On                 ; On                 ;
; Pre-Mapping Resynthesis Optimization                             ; Off                ; Off                ;
; Analysis & Synthesis Message Level                               ; Medium             ; Medium             ;
; Disable Register Merging Across Hierarchies                      ; Auto               ; Auto               ;
; Resource Aware Inference For Block RAM                           ; On                 ; On                 ;
+------------------------------------------------------------------+--------------------+--------------------+


+------------------------------------------+
; Parallel Compilation                     ;
+----------------------------+-------------+
; Processors                 ; Number      ;
+----------------------------+-------------+
; Number detected on machine ; 32          ;
; Maximum allowed            ; 16          ;
;                            ;             ;
; Average used               ; 1.00        ;
; Maximum used               ; 1           ;
;                            ;             ;
; Usage by Processor         ; % Time Used ;
;     Processor 1            ; 100.0%      ;
+----------------------------+-------------+


+-------------------------------+
; Analysis & Synthesis Messages ;
+-------------------------------+
Info: *******************************************************************
Info: Running Quartus Prime Analysis & Synthesis
    Info: Version 24.1std.0 Build 1077 03/04/2025 SC Lite Edition
    Info: Processing started: Sun Jul 19 15:47:41 2026
Info: Command: quartus_map --read_settings_files=on --write_settings_files=off blitcrt_v2 -c fb_top_v2
Warning (18236): Number of processors has not been specified which may cause overloading on shared machines.  Set the global assignment NUM_PARALLEL_PROCESSORS in your QSF to an appropriate value for best performance.
Info (20030): Parallel compilation is enabled and will use 16 of the 32 processors detected
Info (12021): Found 1 design units, including 1 entities, in source file rtl/video_timing_prog.v
    Info (12023): Found entity 1: video_timing_prog File: /home/ben/source/blitcrt/rtl/video_timing_prog.v Line: 20
Info (12021): Found 1 design units, including 1 entities, in source file rtl/video_timing.v
    Info (12023): Found entity 1: video_timing File: /home/ben/source/blitcrt/rtl/video_timing.v Line: 11
Info (12021): Found 1 design units, including 1 entities, in source file rtl/usb_protocol.v
    Info (12023): Found entity 1: usb_protocol File: /home/ben/source/blitcrt/rtl/usb_protocol.v Line: 20
Info (12021): Found 1 design units, including 1 entities, in source file rtl/uart_rx.v
    Info (12023): Found entity 1: uart_rx File: /home/ben/source/blitcrt/rtl/uart_rx.v Line: 24
Info (12021): Found 1 design units, including 1 entities, in source file rtl/splash_pattern.v
    Info (12023): Found entity 1: splash_pattern File: /home/ben/source/blitcrt/rtl/splash_pattern.v Line: 18
Info (12021): Found 1 design units, including 1 entities, in source file rtl/pll_ctl.v
    Info (12023): Found entity 1: pll_ctl File: /home/ben/source/blitcrt/rtl/pll_ctl.v Line: 28
Info (12021): Found 1 design units, including 1 entities, in source file rtl/palette.v
    Info (12023): Found entity 1: palette File: /home/ben/source/blitcrt/rtl/palette.v Line: 12
Info (12021): Found 1 design units, including 1 entities, in source file rtl/mode_meter.v
    Info (12023): Found entity 1: mode_meter File: /home/ben/source/blitcrt/rtl/mode_meter.v Line: 25
Info (12021): Found 1 design units, including 1 entities, in source file rtl/ft245_tx.v
    Info (12023): Found entity 1: ft245_tx File: /home/ben/source/blitcrt/rtl/ft245_tx.v Line: 30
Info (12021): Found 1 design units, including 1 entities, in source file rtl/ft245_rx.v
    Info (12023): Found entity 1: ft245_rx File: /home/ben/source/blitcrt/rtl/ft245_rx.v Line: 19
Info (12021): Found 1 design units, including 1 entities, in source file rtl/framebuffer.v
    Info (12023): Found entity 1: framebuffer File: /home/ben/source/blitcrt/rtl/framebuffer.v Line: 12
Info (12021): Found 1 design units, including 1 entities, in source file rtl/fb_top_v2.v
    Info (12023): Found entity 1: fb_top_v2 File: /home/ben/source/blitcrt/rtl/fb_top_v2.v Line: 21
Info (12021): Found 1 design units, including 1 entities, in source file rtl/fb_top.v
    Info (12023): Found entity 1: fb_top File: /home/ben/source/blitcrt/rtl/fb_top.v Line: 16
Info (12021): Found 1 design units, including 1 entities, in source file rtl/crt1_ft245.v
    Info (12023): Found entity 1: crt1_ft245 File: /home/ben/source/blitcrt/rtl/crt1_ft245.v Line: 29
Info (12127): Elaborating entity "fb_top_v2" for the top level hierarchy
Info (12128): Elaborating entity "ft245_rx" for hierarchy "ft245_rx:u_rx" File: /home/ben/source/blitcrt/rtl/fb_top_v2.v Line: 87
Info (12128): Elaborating entity "ft245_tx" for hierarchy "ft245_tx:u_tx" File: /home/ben/source/blitcrt/rtl/fb_top_v2.v Line: 99
Info (12128): Elaborating entity "uart_rx" for hierarchy "uart_rx:u_uart" File: /home/ben/source/blitcrt/rtl/fb_top_v2.v Line: 107
Info (12128): Elaborating entity "crt1_ft245" for hierarchy "crt1_ft245:u_crt1" File: /home/ben/source/blitcrt/rtl/fb_top_v2.v Line: 144
Warning (10036): Verilog HDL or VHDL warning at crt1_ft245.v(95): object "fx" assigned a value but never read File: /home/ben/source/blitcrt/rtl/crt1_ft245.v Line: 95
Warning (10036): Verilog HDL or VHDL warning at crt1_ft245.v(95): object "fy" assigned a value but never read File: /home/ben/source/blitcrt/rtl/crt1_ft245.v Line: 95
Warning (10036): Verilog HDL or VHDL warning at crt1_ft245.v(95): object "fw" assigned a value but never read File: /home/ben/source/blitcrt/rtl/crt1_ft245.v Line: 95
Warning (10036): Verilog HDL or VHDL warning at crt1_ft245.v(95): object "fh" assigned a value but never read File: /home/ben/source/blitcrt/rtl/crt1_ft245.v Line: 95
Error (10110): Verilog HDL error at crt1_ft245.v(100): variable "ridx" has mixed blocking and nonblocking Procedural Assignments -- must be all blocking or all nonblocking assignments File: /home/ben/source/blitcrt/rtl/crt1_ft245.v Line: 100
Warning (10240): Verilog HDL Always Construct warning at crt1_ft245.v(162): inferring latch(es) for variable "ld_toggle", which holds its previous value in one or more paths through the always construct File: /home/ben/source/blitcrt/rtl/crt1_ft245.v Line: 162
Error (12152): Can't elaborate user hierarchy "crt1_ft245:u_crt1" File: /home/ben/source/blitcrt/rtl/fb_top_v2.v Line: 144
Error: Quartus Prime Analysis & Synthesis was unsuccessful. 2 errors, 6 warnings
    Error: Peak virtual memory: 342 megabytes
    Error: Processing ended: Sun Jul 19 15:47:45 2026
    Error: Elapsed time: 00:00:04
    Error: Total CPU time (on all processors): 00:00:12


